Arguments: 
  /Users/lx0/.nvm/versions/node/v14.17.1/bin/node /usr/local/Cellar/yarn/1.22.13/libexec/bin/yarn.js init

PATH: 
  /Users/lx0/Library/Python/3.8/bin:/Users/lx0/.cargo/bin:/Users/lx0/google-cloud-sdk/bin:/Users/lx0/.nvm/versions/node/v14.17.1/bin:/Users/lx0/.cargo/bin:/Library/Frameworks/Python.framework/Versions/3.8/bin:/usr/local/bin:/usr/bin:/bin:/usr/sbin:/sbin:/usr/local/share/dotnet:~/.dotnet/tools

Yarn version: 
  1.22.13

Node version: 
  14.17.1

Platform: 
  darwin x64

Trace: 
  Error: canceled
      at Interface.<anonymous> (/usr/local/Cellar/yarn/1.22.13/libexec/lib/cli.js:137141:13)
      at Interface.emit (events.js:375:28)
      at Interface._ttyWrite (readline.js:910:16)
      at ReadStream.onkeypress (readline.js:235:10)
      at ReadStream.emit (events.js:375:28)
      at emitKeys (internal/readline/utils.js:358:14)
      at emitKeys.next (<anonymous>)
      at ReadStream.onData (readline.js:1179:36)
      at ReadStream.emit (events.js:375:28)
      at addChunk (internal/streams/readable.js:290:12)

npm manifest: 
  No manifest

yarn manifest: 
  No manifest

Lockfile: 
  No lockfile
